info it worked if it ends with ok
verbose cli [ 'node', '/usr/bin/npm', 'install', 'socket.io' ]
info using npm@1.1.12
info using node@v0.6.14
verbose config file /home/johannes/.npmrc
verbose config file /usr/etc/npmrc
verbose config file /usr/lib/node_modules/npm/npmrc
verbose cache add [ 'socket.io', null ]
silly cache add: name, spec, args [ undefined, 'socket.io', [ 'socket.io', null ] ]
verbose parsed url { pathname: 'socket.io', path: 'socket.io', href: 'socket.io' }
verbose addNamed [ 'socket.io', '' ]
verbose addNamed [ null, '' ]
silly name, range, hasData [ 'socket.io', '', false ]
verbose raw, before any munging socket.io
verbose url resolving [ 'https://registry.npmjs.org/', './socket.io' ]
verbose url resolved https://registry.npmjs.org/socket.io
verbose etag "1LCXDV7GYYXIR8K2HS8DTK7SD"
http GET https://registry.npmjs.org/socket.io
http 304 https://registry.npmjs.org/socket.io
silly get cb [ 304,
silly get cb   { server: 'CouchDB/1.2.0 (Erlang OTP/R15B)',
silly get cb     etag: '"1LCXDV7GYYXIR8K2HS8DTK7SD"',
silly get cb     date: 'Wed, 11 Apr 2012 13:06:09 GMT',
silly get cb     'content-length': '0' } ]
verbose etag socket.io from cache
silly name, range, hasData 2 [ 'socket.io', '', true ]
silly versions [ 'socket.io',
silly versions   [ '0.3.8',
silly versions     '0.4.0',
silly versions     '0.4.1',
silly versions     '0.5.1',
silly versions     '0.5.3',
silly versions     '0.6.0',
silly versions     '0.6.1',
silly versions     '0.6.3',
silly versions     '0.6.4',
silly versions     '0.6.5',
silly versions     '0.6.6',
silly versions     '0.6.7',
silly versions     '0.6.8',
silly versions     '0.6.9',
silly versions     '0.6.10',
silly versions     '0.6.11',
silly versions     '0.6.12',
silly versions     '0.6.14',
silly versions     '0.6.15',
silly versions     '0.6.16',
silly versions     '0.6.17',
silly versions     '0.6.18',
silly versions     '0.7.0',
silly versions     '0.7.1',
silly versions     '0.7.2',
silly versions     '0.7.3',
silly versions     '0.7.4',
silly versions     '0.7.5',
silly versions     '0.7.6',
silly versions     '0.7.7',
silly versions     '0.7.8',
silly versions     '0.7.9',
silly versions     '0.7.10',
silly versions     '0.7.11',
silly versions     '0.8.0',
silly versions     '0.8.1',
silly versions     '0.8.2',
silly versions     '0.8.3',
silly versions     '0.8.4',
silly versions     '0.8.5',
silly versions     '0.8.6',
silly versions     '0.8.7',
silly versions     '0.9.0',
silly versions     '0.9.1',
silly versions     '0.9.1-1',
silly versions     '0.9.2',
silly versions     '0.9.3',
silly versions     '0.9.4',
silly versions     '0.9.5' ] ]
verbose bin dist [ '0.6-ares1.7.5-DEV-evundefined-openssl1.0.0c-v83.9.24.1-linux-ia32-3.1.9-1.4-default',
verbose bin dist   { shasum: '2ed64d70e5f70abcb8191a76601116c3511e1414',
verbose bin dist     tarball: 'http://registry.npmjs.org/socket.io/-/socket.io-0.9.5.tgz' } ]
verbose caching /home/johannes/.npm/socket.io/0.9.5/package/package.json
verbose loadDefaults socket.io@0.9.5
silly resolved [ { name: 'socket.io',
silly resolved     version: '0.9.5',
silly resolved     description: 'Real-time apps made cross-browser & easy with a WebSocket-like API',
silly resolved     homepage: 'http://socket.io',
silly resolved     keywords: [ 'websocket', 'socket', 'realtime', 'socket.io', 'comet', 'ajax' ],
silly resolved     author: { name: 'Guillermo Rauch', email: 'guillermo@learnboost.com' },
silly resolved     contributors: 
silly resolved      [ { name: 'Guillermo Rauch', email: 'rauchg@gmail.com' },
silly resolved        { name: 'Arnout Kazemier', email: 'info@3rd-eden.com' },
silly resolved        { name: 'Vladimir Dronnikov', email: 'dronnikov@gmail.com' },
silly resolved        { name: 'Einar Otto Stangvik', email: 'einaros@gmail.com' } ],
silly resolved     repository: 
silly resolved      { type: 'git',
silly resolved        url: 'git://github.com/LearnBoost/socket.io.git' },
silly resolved     dependencies: 
silly resolved      { 'socket.io-client': '0.9.5',
silly resolved        policyfile: '0.0.4',
silly resolved        redis: '0.6.7' },
silly resolved     devDependencies: 
silly resolved      { expresso: '0.9.2',
silly resolved        should: '0.0.4',
silly resolved        benchmark: '0.2.2',
silly resolved        microtime: '0.1.3-1',
silly resolved        colors: '0.5.1' },
silly resolved     main: 'index',
silly resolved     engines: { node: '>= 0.4.0' },
silly resolved     scripts: { test: 'make test' },
silly resolved     _id: 'socket.io@0.9.5',
silly resolved     optionalDependencies: {},
silly resolved     _engineSupported: true,
silly resolved     _npmVersion: '1.1.12',
silly resolved     _nodeVersion: 'v0.6.14',
silly resolved     _defaultsLoaded: true,
silly resolved     _from: 'socket.io' } ]
info into /home/johannes/Documents/lightsoff socket.io@0.9.5
info installOne socket.io@0.9.5
verbose from cache /home/johannes/.npm/socket.io/0.9.5/package/package.json
info unbuild /home/johannes/Documents/lightsoff/node_modules/socket.io
verbose mkdir (expected) error ENOENT, stat '/home/johannes/Documents/lightsoff/node_modules/socket.io'
verbose mkdir done: /home/johannes/Documents/lightsoff/node_modules/socket.io 755
verbose unpack_ uid, gid [ undefined, undefined ]
verbose unpackTarget /home/johannes/Documents/lightsoff/node_modules/socket.io
silly gunzTarPerm modes [ '755', '644' ]
verbose gunzed /home/johannes/Documents/lightsoff/node_modules/socket.io
verbose caching /home/johannes/Documents/lightsoff/node_modules/socket.io/package.json
verbose loadDefaults socket.io@0.9.5
info preinstall socket.io@0.9.5
verbose from cache /home/johannes/Documents/lightsoff/node_modules/socket.io/package.json
verbose readDependencies: using package.json deps
verbose from cache /home/johannes/Documents/lightsoff/node_modules/socket.io/package.json
verbose readDependencies: using package.json deps
verbose cache add [ 'socket.io-client@0.9.5', null ]
silly cache add: name, spec, args [ undefined,
silly cache add: name, spec, args   'socket.io-client@0.9.5',
silly cache add: name, spec, args   [ 'socket.io-client@0.9.5', null ] ]
verbose parsed url { pathname: 'socket.io-client@0.9.5',
verbose parsed url   path: 'socket.io-client@0.9.5',
verbose parsed url   href: 'socket.io-client@0.9.5' }
silly cache add: name, spec, args [ 'socket.io-client', '0.9.5', [ 'socket.io-client', '0.9.5' ] ]
verbose parsed url { pathname: '0.9.5', path: '0.9.5', href: '0.9.5' }
verbose addNamed [ 'socket.io-client', '0.9.5' ]
verbose addNamed [ '0.9.5', '0.9.5' ]
verbose cache add [ 'policyfile@0.0.4', null ]
silly cache add: name, spec, args [ undefined, 'policyfile@0.0.4', [ 'policyfile@0.0.4', null ] ]
verbose parsed url { pathname: 'policyfile@0.0.4',
verbose parsed url   path: 'policyfile@0.0.4',
verbose parsed url   href: 'policyfile@0.0.4' }
silly cache add: name, spec, args [ 'policyfile', '0.0.4', [ 'policyfile', '0.0.4' ] ]
verbose parsed url { pathname: '0.0.4', path: '0.0.4', href: '0.0.4' }
verbose addNamed [ 'policyfile', '0.0.4' ]
verbose addNamed [ '0.0.4', '0.0.4' ]
verbose cache add [ 'redis@0.6.7', null ]
silly cache add: name, spec, args [ undefined, 'redis@0.6.7', [ 'redis@0.6.7', null ] ]
verbose parsed url { pathname: 'redis@0.6.7',
verbose parsed url   path: 'redis@0.6.7',
verbose parsed url   href: 'redis@0.6.7' }
silly cache add: name, spec, args [ 'redis', '0.6.7', [ 'redis', '0.6.7' ] ]
verbose parsed url { pathname: '0.6.7', path: '0.6.7', href: '0.6.7' }
verbose addNamed [ 'redis', '0.6.7' ]
verbose addNamed [ '0.6.7', '0.6.7' ]
verbose raw, before any munging socket.io-client/0.9.5
verbose url resolving [ 'https://registry.npmjs.org/', './socket.io-client/0.9.5' ]
verbose url resolved https://registry.npmjs.org/socket.io-client/0.9.5
verbose etag "B9PQ875CMFVAXWH1B5MM7VI7K"
http GET https://registry.npmjs.org/socket.io-client/0.9.5
verbose raw, before any munging policyfile/0.0.4
verbose url resolving [ 'https://registry.npmjs.org/', './policyfile/0.0.4' ]
verbose url resolved https://registry.npmjs.org/policyfile/0.0.4
verbose etag "4EVUSX00MB7Z49POAYIEWT5BQ"
http GET https://registry.npmjs.org/policyfile/0.0.4
verbose raw, before any munging redis/0.6.7
verbose url resolving [ 'https://registry.npmjs.org/', './redis/0.6.7' ]
verbose url resolved https://registry.npmjs.org/redis/0.6.7
verbose etag "D6MVQI9QRYQBJVIP5RMKWB2DT"
http GET https://registry.npmjs.org/redis/0.6.7
http 304 https://registry.npmjs.org/policyfile/0.0.4
silly get cb [ 304,
silly get cb   { server: 'CouchDB/1.2.0 (Erlang OTP/R15B)',
silly get cb     etag: '"4EVUSX00MB7Z49POAYIEWT5BQ"',
silly get cb     date: 'Wed, 11 Apr 2012 13:06:10 GMT',
silly get cb     'content-length': '0' } ]
verbose etag policyfile/0.0.4 from cache
verbose bin dist [ '0.6-ares1.7.5-DEV-evundefined-openssl1.0.0c-v83.9.24.1-linux-ia32-3.1.9-1.4-default',
verbose bin dist   { shasum: 'd6b82ead98ae79ebe228e2daf5903311ec982e4d',
verbose bin dist     tarball: 'http://registry.npmjs.org/policyfile/-/policyfile-0.0.4.tgz' } ]
verbose caching /home/johannes/.npm/policyfile/0.0.4/package/package.json
verbose loadDefaults policyfile@0.0.4
http 304 https://registry.npmjs.org/socket.io-client/0.9.5
silly get cb [ 304,
silly get cb   { server: 'CouchDB/1.2.0 (Erlang OTP/R15B)',
silly get cb     etag: '"B9PQ875CMFVAXWH1B5MM7VI7K"',
silly get cb     date: 'Wed, 11 Apr 2012 13:06:10 GMT',
silly get cb     'content-length': '0' } ]
verbose etag socket.io-client/0.9.5 from cache
http 304 https://registry.npmjs.org/redis/0.6.7
silly get cb [ 304,
silly get cb   { server: 'CouchDB/1.2.0 (Erlang OTP/R15B)',
silly get cb     etag: '"D6MVQI9QRYQBJVIP5RMKWB2DT"',
silly get cb     date: 'Wed, 11 Apr 2012 13:06:10 GMT',
silly get cb     'content-length': '0' } ]
verbose etag redis/0.6.7 from cache
verbose bin dist [ '0.6-ares1.7.5-DEV-evundefined-openssl1.0.0c-v83.9.24.1-linux-ia32-3.1.9-1.4-default',
verbose bin dist   { shasum: '8ba9bd3735de006a5b831bca59a2e5cbc30fa53c',
verbose bin dist     tarball: 'http://registry.npmjs.org/socket.io-client/-/socket.io-client-0.9.5.tgz' } ]
verbose bin dist [ '0.6-ares1.7.5-DEV-evundefined-openssl1.0.0c-v83.9.24.1-linux-ia32-3.1.9-1.4-default',
verbose bin dist   { shasum: '0f17f913468a5cb2bf0864e4d56669d058668d46',
verbose bin dist     tarball: 'http://registry.npmjs.org/redis/-/redis-0.6.7.tgz' } ]
verbose caching /home/johannes/.npm/socket.io-client/0.9.5/package/package.json
verbose loadDefaults socket.io-client@0.9.5
verbose caching /home/johannes/.npm/redis/0.6.7/package/package.json
verbose loadDefaults redis@0.6.7
silly resolved [ { name: 'policyfile',
silly resolved     version: '0.0.4',
silly resolved     author: { name: 'Arnout Kazemier' },
silly resolved     description: 'Flash Socket Policy File Server. A server to respond to Flash Socket Policy requests, both inline and through a dedicated server instance.',
silly resolved     main: 'index',
silly resolved     keywords: 
silly resolved      [ 'flash',
silly resolved        'socket',
silly resolved        'policy',
silly resolved        'file',
silly resolved        'server',
silly resolved        'Flash Socket Policy File Server',
silly resolved        'cross domain' ],
silly resolved     directories: { lib: './lib' },
silly resolved     maintainers: 
silly resolved      [ { name: 'Arnout Kazemier',
silly resolved          email: 'info@3rd-Eden.com',
silly resolved          url: 'http://blog.3rd-Eden.com' } ],
silly resolved     licenses: 
silly resolved      [ { type: 'MIT',
silly resolved          url: 'https://github.com/3rd-Eden/FlashPolicyFileServer/blob/master/LICENSE' } ],
silly resolved     repositories: 
silly resolved      [ { type: 'git',
silly resolved          url: 'https://github.com/3rd-Eden/FlashPolicyFileServer.git' } ],
silly resolved     _id: 'policyfile@0.0.4',
silly resolved     dependencies: {},
silly resolved     devDependencies: {},
silly resolved     optionalDependencies: {},
silly resolved     engines: { node: '*' },
silly resolved     _engineSupported: true,
silly resolved     _npmVersion: '1.1.12',
silly resolved     _nodeVersion: 'v0.6.14',
silly resolved     _defaultsLoaded: true,
silly resolved     _from: 'policyfile@0.0.4',
silly resolved     scripts: {} },
silly resolved   { name: 'socket.io-client',
silly resolved     description: 'Socket.IO client for the browser and node.js',
silly resolved     version: '0.9.5',
silly resolved     main: './lib/io.js',
silly resolved     browserify: './dist/socket.io.js',
silly resolved     homepage: 'http://socket.io',
silly resolved     keywords: [ 'websocket', 'socket', 'realtime', 'socket.io', 'comet', 'ajax' ],
silly resolved     author: { name: 'Guillermo Rauch', email: 'guillermo@learnboost.com' },
silly resolved     contributors: 
silly resolved      [ { name: 'Guillermo Rauch', email: 'rauchg@gmail.com' },
silly resolved        { name: 'Arnout Kazemier', email: 'info@3rd-eden.com' },
silly resolved        { name: 'Vladimir Dronnikov', email: 'dronnikov@gmail.com' },
silly resolved        { name: 'Einar Otto Stangvik', email: 'einaros@gmail.com' } ],
silly resolved     repository: 
silly resolved      { type: 'git',
silly resolved        url: 'git://github.com/LearnBoost/socket.io-client.git' },
silly resolved     dependencies: 
silly resolved      { 'uglify-js': '1.2.5',
silly resolved        ws: '0.4.x',
silly resolved        xmlhttprequest: '1.2.2',
silly resolved        'active-x-obfuscator': '0.0.1' },
silly resolved     devDependencies: 
silly resolved      { expresso: '*',
silly resolved        express: '2.5.x',
silly resolved        jade: '*',
silly resolved        stylus: '*',
silly resolved        'socket.io': '0.9.5',
silly resolved        'socket.io-client': '0.9.5' },
silly resolved     engines: { node: '>= 0.4.0' },
silly resolved     _id: 'socket.io-client@0.9.5',
silly resolved     optionalDependencies: {},
silly resolved     _engineSupported: true,
silly resolved     _npmVersion: '1.1.12',
silly resolved     _nodeVersion: 'v0.6.14',
silly resolved     _defaultsLoaded: true,
silly resolved     _from: 'socket.io-client@0.9.5',
silly resolved     scripts: {} },
silly resolved   { name: 'redis',
silly resolved     version: '0.6.7',
silly resolved     description: 'Redis client library',
silly resolved     author: { name: 'Matt Ranney', email: 'mjr@ranney.com' },
silly resolved     contributors: 
silly resolved      [ { name: 'Rick Olson' },
silly resolved        { name: 'Tim-Smart' },
silly resolved        { name: 'TJ Holowaychuk' },
silly resolved        { name: 'Orion Henry' },
silly resolved        { name: 'Hank Sims' },
silly resolved        { name: 'Aivo Paas' },
silly resolved        { name: 'Paul Carey' },
silly resolved        { name: 'Pieter Noordhuis' },
silly resolved        { name: 'Andy Ray' },
silly resolved        { name: 'Vladimir Dronnikov' },
silly resolved        { name: 'Dave Hoover' } ],
silly resolved     main: './index.js',
silly resolved     scripts: { test: 'node ./test.js' },
silly resolved     repository: { type: 'git', url: 'git://github.com/mranney/node_redis.git' },
silly resolved     _id: 'redis@0.6.7',
silly resolved     dependencies: {},
silly resolved     devDependencies: {},
silly resolved     optionalDependencies: {},
silly resolved     engines: { node: '*' },
silly resolved     _engineSupported: true,
silly resolved     _npmVersion: '1.1.12',
silly resolved     _nodeVersion: 'v0.6.14',
silly resolved     _defaultsLoaded: true,
silly resolved     _from: 'redis@0.6.7' } ]
info into /home/johannes/Documents/lightsoff/node_modules/socket.io policyfile@0.0.4
info into /home/johannes/Documents/lightsoff/node_modules/socket.io socket.io-client@0.9.5
info into /home/johannes/Documents/lightsoff/node_modules/socket.io redis@0.6.7
info installOne policyfile@0.0.4
info installOne socket.io-client@0.9.5
info installOne redis@0.6.7
verbose from cache /home/johannes/.npm/policyfile/0.0.4/package/package.json
info unbuild /home/johannes/Documents/lightsoff/node_modules/socket.io/node_modules/policyfile
verbose from cache /home/johannes/.npm/socket.io-client/0.9.5/package/package.json
info unbuild /home/johannes/Documents/lightsoff/node_modules/socket.io/node_modules/socket.io-client
verbose from cache /home/johannes/.npm/redis/0.6.7/package/package.json
info unbuild /home/johannes/Documents/lightsoff/node_modules/socket.io/node_modules/redis
verbose mkdir (expected) error ENOENT, stat '/home/johannes/Documents/lightsoff/node_modules/socket.io/node_modules'
verbose mkdir (expected) error ENOENT, stat '/home/johannes/Documents/lightsoff/node_modules/socket.io/node_modules'
verbose mkdir (expected) error ENOENT, stat '/home/johannes/Documents/lightsoff/node_modules/socket.io/node_modules'
verbose mkdir (expected) error ENOENT, stat '/home/johannes/Documents/lightsoff/node_modules/socket.io/node_modules/policyfile'
verbose mkdir done: /home/johannes/Documents/lightsoff/node_modules/socket.io/node_modules/policyfile 755
verbose mkdir (expected) error ENOENT, stat '/home/johannes/Documents/lightsoff/node_modules/socket.io/node_modules/socket.io-client'
verbose mkdir (expected) error ENOENT, stat '/home/johannes/Documents/lightsoff/node_modules/socket.io/node_modules/redis'
verbose unpack_ uid, gid [ undefined, undefined ]
verbose unpackTarget /home/johannes/Documents/lightsoff/node_modules/socket.io/node_modules/policyfile
silly gunzTarPerm modes [ '755', '644' ]
verbose mkdir done: /home/johannes/Documents/lightsoff/node_modules/socket.io/node_modules/socket.io-client 755
verbose mkdir done: /home/johannes/Documents/lightsoff/node_modules/socket.io/node_modules/redis 755
verbose unpack_ uid, gid [ undefined, undefined ]
verbose unpackTarget /home/johannes/Documents/lightsoff/node_modules/socket.io/node_modules/socket.io-client
silly gunzTarPerm modes [ '755', '644' ]
verbose unpack_ uid, gid [ undefined, undefined ]
verbose unpackTarget /home/johannes/Documents/lightsoff/node_modules/socket.io/node_modules/redis
silly gunzTarPerm modes [ '755', '644' ]
verbose gunzed /home/johannes/Documents/lightsoff/node_modules/socket.io/node_modules/policyfile
verbose caching /home/johannes/Documents/lightsoff/node_modules/socket.io/node_modules/policyfile/package.json
verbose loadDefaults policyfile@0.0.4
info preinstall policyfile@0.0.4
verbose from cache /home/johannes/Documents/lightsoff/node_modules/socket.io/node_modules/policyfile/package.json
verbose readDependencies: using package.json deps
verbose from cache /home/johannes/Documents/lightsoff/node_modules/socket.io/node_modules/policyfile/package.json
verbose readDependencies: using package.json deps
silly resolved []
verbose about to build /home/johannes/Documents/lightsoff/node_modules/socket.io/node_modules/policyfile
info build /home/johannes/Documents/lightsoff/node_modules/socket.io/node_modules/policyfile
verbose from cache /home/johannes/Documents/lightsoff/node_modules/socket.io/node_modules/policyfile/package.json
verbose linkStuff [ false,
verbose linkStuff   false,
verbose linkStuff   false,
verbose linkStuff   '/home/johannes/Documents/lightsoff/node_modules/socket.io/node_modules' ]
info linkStuff policyfile@0.0.4
verbose linkBins policyfile@0.0.4
verbose linkMans policyfile@0.0.4
verbose rebuildBundles policyfile@0.0.4
info install policyfile@0.0.4
info postinstall policyfile@0.0.4
verbose gunzed /home/johannes/Documents/lightsoff/node_modules/socket.io/node_modules/redis
verbose caching /home/johannes/Documents/lightsoff/node_modules/socket.io/node_modules/redis/package.json
verbose loadDefaults redis@0.6.7
info preinstall redis@0.6.7
verbose from cache /home/johannes/Documents/lightsoff/node_modules/socket.io/node_modules/redis/package.json
verbose readDependencies: using package.json deps
verbose from cache /home/johannes/Documents/lightsoff/node_modules/socket.io/node_modules/redis/package.json
verbose readDependencies: using package.json deps
silly resolved []
verbose about to build /home/johannes/Documents/lightsoff/node_modules/socket.io/node_modules/redis
info build /home/johannes/Documents/lightsoff/node_modules/socket.io/node_modules/redis
verbose from cache /home/johannes/Documents/lightsoff/node_modules/socket.io/node_modules/redis/package.json
verbose linkStuff [ false,
verbose linkStuff   false,
verbose linkStuff   false,
verbose linkStuff   '/home/johannes/Documents/lightsoff/node_modules/socket.io/node_modules' ]
info linkStuff redis@0.6.7
verbose linkBins redis@0.6.7
verbose linkMans redis@0.6.7
verbose rebuildBundles redis@0.6.7
info install redis@0.6.7
info postinstall redis@0.6.7
verbose gunzed /home/johannes/Documents/lightsoff/node_modules/socket.io/node_modules/socket.io-client
verbose caching /home/johannes/Documents/lightsoff/node_modules/socket.io/node_modules/socket.io-client/package.json
verbose loadDefaults socket.io-client@0.9.5
info preinstall socket.io-client@0.9.5
verbose from cache /home/johannes/Documents/lightsoff/node_modules/socket.io/node_modules/socket.io-client/package.json
verbose readDependencies: using package.json deps
verbose from cache /home/johannes/Documents/lightsoff/node_modules/socket.io/node_modules/socket.io-client/package.json
verbose readDependencies: using package.json deps
verbose cache add [ 'uglify-js@1.2.5', null ]
silly cache add: name, spec, args [ undefined, 'uglify-js@1.2.5', [ 'uglify-js@1.2.5', null ] ]
verbose parsed url { pathname: 'uglify-js@1.2.5',
verbose parsed url   path: 'uglify-js@1.2.5',
verbose parsed url   href: 'uglify-js@1.2.5' }
silly cache add: name, spec, args [ 'uglify-js', '1.2.5', [ 'uglify-js', '1.2.5' ] ]
verbose parsed url { pathname: '1.2.5', path: '1.2.5', href: '1.2.5' }
verbose addNamed [ 'uglify-js', '1.2.5' ]
verbose addNamed [ '1.2.5', '1.2.5' ]
verbose cache add [ 'ws@0.4.x', null ]
silly cache add: name, spec, args [ undefined, 'ws@0.4.x', [ 'ws@0.4.x', null ] ]
verbose parsed url { pathname: 'ws@0.4.x', path: 'ws@0.4.x', href: 'ws@0.4.x' }
silly cache add: name, spec, args [ 'ws', '0.4.x', [ 'ws', '0.4.x' ] ]
verbose parsed url { pathname: '0.4.x', path: '0.4.x', href: '0.4.x' }
verbose addNamed [ 'ws', '0.4.x' ]
verbose addNamed [ null, '>=0.4.0- <0.5.0-' ]
silly name, range, hasData [ 'ws', '>=0.4.0- <0.5.0-', false ]
verbose raw, before any munging uglify-js/1.2.5
verbose url resolving [ 'https://registry.npmjs.org/', './uglify-js/1.2.5' ]
verbose url resolved https://registry.npmjs.org/uglify-js/1.2.5
verbose etag "E3XOKHKDZFC6GF38VXU3O66FC"
http GET https://registry.npmjs.org/uglify-js/1.2.5
verbose raw, before any munging ws
verbose url resolving [ 'https://registry.npmjs.org/', './ws' ]
verbose url resolved https://registry.npmjs.org/ws
verbose etag "APIH1MA6ISQZPIM3G9PEUEZAB"
http GET https://registry.npmjs.org/ws
verbose cache add [ 'xmlhttprequest@1.2.2', null ]
silly cache add: name, spec, args [ undefined,
silly cache add: name, spec, args   'xmlhttprequest@1.2.2',
silly cache add: name, spec, args   [ 'xmlhttprequest@1.2.2', null ] ]
verbose parsed url { pathname: 'xmlhttprequest@1.2.2',
verbose parsed url   path: 'xmlhttprequest@1.2.2',
verbose parsed url   href: 'xmlhttprequest@1.2.2' }
silly cache add: name, spec, args [ 'xmlhttprequest', '1.2.2', [ 'xmlhttprequest', '1.2.2' ] ]
verbose parsed url { pathname: '1.2.2', path: '1.2.2', href: '1.2.2' }
verbose addNamed [ 'xmlhttprequest', '1.2.2' ]
verbose addNamed [ '1.2.2', '1.2.2' ]
verbose cache add [ 'active-x-obfuscator@0.0.1', null ]
silly cache add: name, spec, args [ undefined,
silly cache add: name, spec, args   'active-x-obfuscator@0.0.1',
silly cache add: name, spec, args   [ 'active-x-obfuscator@0.0.1', null ] ]
verbose parsed url { pathname: 'active-x-obfuscator@0.0.1',
verbose parsed url   path: 'active-x-obfuscator@0.0.1',
verbose parsed url   href: 'active-x-obfuscator@0.0.1' }
silly cache add: name, spec, args [ 'active-x-obfuscator',
silly cache add: name, spec, args   '0.0.1',
silly cache add: name, spec, args   [ 'active-x-obfuscator', '0.0.1' ] ]
verbose parsed url { pathname: '0.0.1', path: '0.0.1', href: '0.0.1' }
verbose addNamed [ 'active-x-obfuscator', '0.0.1' ]
verbose addNamed [ '0.0.1', '0.0.1' ]
verbose raw, before any munging xmlhttprequest/1.2.2
verbose url resolving [ 'https://registry.npmjs.org/', './xmlhttprequest/1.2.2' ]
verbose url resolved https://registry.npmjs.org/xmlhttprequest/1.2.2
verbose etag "18NVAPLUMAMW6Q2NMBVXYQMQS"
http GET https://registry.npmjs.org/xmlhttprequest/1.2.2
verbose raw, before any munging active-x-obfuscator/0.0.1
verbose url resolving [ 'https://registry.npmjs.org/', './active-x-obfuscator/0.0.1' ]
verbose url resolved https://registry.npmjs.org/active-x-obfuscator/0.0.1
verbose etag "AV46TALSHTVOWZGAPO5R3VPQU"
http GET https://registry.npmjs.org/active-x-obfuscator/0.0.1
http 304 https://registry.npmjs.org/xmlhttprequest/1.2.2
silly get cb [ 304,
silly get cb   { server: 'CouchDB/1.2.0 (Erlang OTP/R15B)',
silly get cb     etag: '"18NVAPLUMAMW6Q2NMBVXYQMQS"',
silly get cb     date: 'Wed, 11 Apr 2012 13:06:11 GMT',
silly get cb     'content-length': '0' } ]
verbose etag xmlhttprequest/1.2.2 from cache
verbose bin dist [ '0.6-ares1.7.5-DEV-evundefined-openssl1.0.0c-v83.9.24.1-linux-ia32-3.1.9-1.4-default',
verbose bin dist   { shasum: 'e8875bdb13af7c22b04cbb034caadf8ff22676a3',
verbose bin dist     tarball: 'http://registry.npmjs.org/xmlhttprequest/-/xmlhttprequest-1.2.2.tgz' } ]
verbose caching /home/johannes/.npm/xmlhttprequest/1.2.2/package/package.json
verbose loadDefaults xmlhttprequest@1.2.2
http 304 https://registry.npmjs.org/uglify-js/1.2.5
silly get cb [ 304,
silly get cb   { server: 'CouchDB/1.2.0 (Erlang OTP/R15B)',
silly get cb     etag: '"E3XOKHKDZFC6GF38VXU3O66FC"',
silly get cb     date: 'Wed, 11 Apr 2012 13:06:11 GMT',
silly get cb     'content-length': '0' } ]
verbose etag uglify-js/1.2.5 from cache
verbose bin dist [ '0.6-ares1.7.5-DEV-evundefined-openssl1.0.0c-v83.9.24.1-linux-ia32-3.1.9-1.4-default',
verbose bin dist   { shasum: 'b542c2c76f78efb34b200b20177634330ff702b6',
verbose bin dist     tarball: 'http://registry.npmjs.org/uglify-js/-/uglify-js-1.2.5.tgz' } ]
verbose caching /home/johannes/.npm/uglify-js/1.2.5/package/package.json
verbose loadDefaults uglify-js@1.2.5
http 304 https://registry.npmjs.org/ws
silly get cb [ 304,
silly get cb   { server: 'CouchDB/1.2.0 (Erlang OTP/R15B)',
silly get cb     etag: '"APIH1MA6ISQZPIM3G9PEUEZAB"',
silly get cb     date: 'Wed, 11 Apr 2012 13:06:11 GMT',
silly get cb     'content-length': '0' } ]
verbose etag ws from cache
http 304 https://registry.npmjs.org/active-x-obfuscator/0.0.1
silly get cb [ 304,
silly get cb   { server: 'CouchDB/1.2.0 (Erlang OTP/R15B)',
silly get cb     etag: '"AV46TALSHTVOWZGAPO5R3VPQU"',
silly get cb     date: 'Wed, 11 Apr 2012 13:06:11 GMT',
silly get cb     'content-length': '0' } ]
verbose etag active-x-obfuscator/0.0.1 from cache
silly name, range, hasData 2 [ 'ws', '>=0.4.0- <0.5.0-', true ]
silly versions [ 'ws',
silly versions   [ '0.2.6',
silly versions     '0.2.8',
silly versions     '0.2.9',
silly versions     '0.3.0',
silly versions     '0.3.1',
silly versions     '0.3.2',
silly versions     '0.3.3',
silly versions     '0.3.4',
silly versions     '0.3.4-2',
silly versions     '0.3.5',
silly versions     '0.3.5-2',
silly versions     '0.3.5-3',
silly versions     '0.3.5-4',
silly versions     '0.3.6',
silly versions     '0.3.7',
silly versions     '0.3.8',
silly versions     '0.3.9',
silly versions     '0.4.0',
silly versions     '0.4.1',
silly versions     '0.4.2',
silly versions     '0.4.3',
silly versions     '0.4.5',
silly versions     '0.4.6',
silly versions     '0.4.7',
silly versions     '0.4.8',
silly versions     '0.4.9',
silly versions     '0.4.10',
silly versions     '0.4.11',
silly versions     '0.4.12' ] ]
verbose bin dist [ '0.6-ares1.7.5-DEV-evundefined-openssl1.0.0c-v83.9.24.1-linux-ia32-3.1.9-1.4-default',
verbose bin dist   { shasum: '2aefe4e7e8a135cce0b04e31a4f57bdda7a3b4e3',
verbose bin dist     tarball: 'http://registry.npmjs.org/ws/-/ws-0.4.12.tgz' } ]
verbose bin dist [ '0.6-ares1.7.5-DEV-evundefined-openssl1.0.0c-v83.9.24.1-linux-ia32-3.1.9-1.4-default',
verbose bin dist   { shasum: '089b89b37145ff1d9ec74af6530be5526cae1f1a',
verbose bin dist     tarball: 'http://registry.npmjs.org/active-x-obfuscator/-/active-x-obfuscator-0.0.1.tgz' } ]
verbose caching /home/johannes/.npm/active-x-obfuscator/0.0.1/package/package.json
verbose loadDefaults active-x-obfuscator@0.0.1
verbose has bindings.gyp [ undefined,
verbose has bindings.gyp   { file: '/home/johannes/.npm/ws/0.4.12/package/package.json',
verbose has bindings.gyp     gypfile: true,
verbose has bindings.gyp     contributors: false,
verbose has bindings.gyp     serverjs: false,
verbose has bindings.gyp     wscript: true } ]
verbose has wscript [ undefined,
verbose has wscript   { file: '/home/johannes/.npm/ws/0.4.12/package/package.json',
verbose has wscript     gypfile: true,
verbose has wscript     contributors: false,
verbose has wscript     serverjs: false,
verbose has wscript     wscript: true } ]
verbose caching /home/johannes/.npm/ws/0.4.12/package/package.json
verbose loadDefaults ws@0.4.12
silly resolved [ { name: 'xmlhttprequest',
silly resolved     description: 'XMLHttpRequest for Node',
silly resolved     version: '1.2.2',
silly resolved     author: { name: 'Dan DeFelippi' },
silly resolved     licenses: [ { type: 'MIT', url: 'http://creativecommons.org/licenses/MIT/' } ],
silly resolved     repository: 
silly resolved      { type: 'git',
silly resolved        url: 'git://github.com/driverdan/node-XMLHttpRequest.git' },
silly resolved     engine: [ 'node >=0.4.0' ],
silly resolved     main: './XMLHttpRequest.js',
silly resolved     _id: 'xmlhttprequest@1.2.2',
silly resolved     dependencies: {},
silly resolved     devDependencies: {},
silly resolved     optionalDependencies: {},
silly resolved     engines: { node: '*' },
silly resolved     _engineSupported: true,
silly resolved     _npmVersion: '1.1.12',
silly resolved     _nodeVersion: 'v0.6.14',
silly resolved     _defaultsLoaded: true,
silly resolved     _from: 'xmlhttprequest@1.2.2',
silly resolved     scripts: {} },
silly resolved   { name: 'uglify-js',
silly resolved     description: 'JavaScript parser and compressor/beautifier toolkit',
silly resolved     author: 
silly resolved      { name: 'Mihai Bazon',
silly resolved        email: 'mihai.bazon@gmail.com',
silly resolved        url: 'http://mihai.bazon.net/blog' },
silly resolved     version: '1.2.5',
silly resolved     main: './uglify-js.js',
silly resolved     bin: { uglifyjs: './bin/uglifyjs' },
silly resolved     repository: { type: 'git', url: 'git@github.com:mishoo/UglifyJS.git' },
silly resolved     _id: 'uglify-js@1.2.5',
silly resolved     dependencies: {},
silly resolved     devDependencies: {},
silly resolved     optionalDependencies: {},
silly resolved     engines: { node: '*' },
silly resolved     _engineSupported: true,
silly resolved     _npmVersion: '1.1.12',
silly resolved     _nodeVersion: 'v0.6.14',
silly resolved     _defaultsLoaded: true,
silly resolved     _from: 'uglify-js@1.2.5',
silly resolved     scripts: {} },
silly resolved   { author: 
silly resolved      { name: 'Felix Geisendörfer',
silly resolved        email: 'felix@debuggable.com',
silly resolved        url: 'http://debuggable.com/' },
silly resolved     name: 'active-x-obfuscator',
silly resolved     description: 'A module to (safely) obfuscate all occurrences of the string \'ActiveX\' inside any JavaScript code.',
silly resolved     version: '0.0.1',
silly resolved     homepage: 'https://github.com/felixge/node-active-x-obfuscator',
silly resolved     repository: 
silly resolved      { type: 'git',
silly resolved        url: 'git://github.com/felixge/node-active-x-obfuscator.git' },
silly resolved     main: './index',
silly resolved     scripts: { test: 'node test.js' },
silly resolved     engines: { node: '*' },
silly resolved     dependencies: { zeparser: '0.0.5' },
silly resolved     devDependencies: {},
silly resolved     optionalDependencies: {},
silly resolved     _id: 'active-x-obfuscator@0.0.1',
silly resolved     _engineSupported: true,
silly resolved     _npmVersion: '1.1.12',
silly resolved     _nodeVersion: 'v0.6.14',
silly resolved     _defaultsLoaded: true,
silly resolved     _from: 'active-x-obfuscator@0.0.1' },
silly resolved   { author: 
silly resolved      { name: 'Einar Otto Stangvik',
silly resolved        email: 'einaros@gmail.com',
silly resolved        url: 'http://2x.io' },
silly resolved     name: 'ws',
silly resolved     description: 'simple to use, blazing fast and thoroughly tested websocket client, server and console for node.js, up-to-date against RFC-6455',
silly resolved     version: '0.4.12',
silly resolved     repository: { type: 'git', url: 'git://github.com/einaros/ws.git' },
silly resolved     bin: { wscat: './bin/wscat' },
silly resolved     scripts: { test: 'make test', preinstall: 'make' },
silly resolved     engines: { node: '>=0.4.0' },
silly resolved     dependencies: { commander: '0.5.x', options: 'latest' },
silly resolved     devDependencies: 
silly resolved      { mocha: '0.8.x',
silly resolved        should: '0.4.2',
silly resolved        'expect.js': '0.1.2',
silly resolved        benchmark: '0.3.x',
silly resolved        tinycolor: '0.x',
silly resolved        ansi: 'latest' },
silly resolved     _id: 'ws@0.4.12',
silly resolved     optionalDependencies: {},
silly resolved     _engineSupported: true,
silly resolved     _npmVersion: '1.1.12',
silly resolved     _nodeVersion: 'v0.6.14',
silly resolved     _defaultsLoaded: true,
silly resolved     _from: 'ws@0.4.x' } ]
info into /home/johannes/Documents/lightsoff/node_modules/socket.io/node_modules/socket.io-client xmlhttprequest@1.2.2
info into /home/johannes/Documents/lightsoff/node_modules/socket.io/node_modules/socket.io-client uglify-js@1.2.5
info into /home/johannes/Documents/lightsoff/node_modules/socket.io/node_modules/socket.io-client active-x-obfuscator@0.0.1
info into /home/johannes/Documents/lightsoff/node_modules/socket.io/node_modules/socket.io-client ws@0.4.12
info installOne xmlhttprequest@1.2.2
info installOne uglify-js@1.2.5
info installOne active-x-obfuscator@0.0.1
info installOne ws@0.4.12
verbose from cache /home/johannes/.npm/xmlhttprequest/1.2.2/package/package.json
info unbuild /home/johannes/Documents/lightsoff/node_modules/socket.io/node_modules/socket.io-client/node_modules/xmlhttprequest
verbose from cache /home/johannes/.npm/uglify-js/1.2.5/package/package.json
info unbuild /home/johannes/Documents/lightsoff/node_modules/socket.io/node_modules/socket.io-client/node_modules/uglify-js
verbose from cache /home/johannes/.npm/active-x-obfuscator/0.0.1/package/package.json
info unbuild /home/johannes/Documents/lightsoff/node_modules/socket.io/node_modules/socket.io-client/node_modules/active-x-obfuscator
verbose from cache /home/johannes/.npm/ws/0.4.12/package/package.json
info unbuild /home/johannes/Documents/lightsoff/node_modules/socket.io/node_modules/socket.io-client/node_modules/ws
verbose mkdir (expected) error ENOENT, stat '/home/johannes/Documents/lightsoff/node_modules/socket.io/node_modules/socket.io-client/node_modules'
verbose mkdir (expected) error ENOENT, stat '/home/johannes/Documents/lightsoff/node_modules/socket.io/node_modules/socket.io-client/node_modules'
verbose mkdir (expected) error ENOENT, stat '/home/johannes/Documents/lightsoff/node_modules/socket.io/node_modules/socket.io-client/node_modules'
verbose mkdir (expected) error ENOENT, stat '/home/johannes/Documents/lightsoff/node_modules/socket.io/node_modules/socket.io-client/node_modules'
verbose mkdir (expected) error ENOENT, stat '/home/johannes/Documents/lightsoff/node_modules/socket.io/node_modules/socket.io-client/node_modules/xmlhttprequest'
verbose mkdir done: /home/johannes/Documents/lightsoff/node_modules/socket.io/node_modules/socket.io-client/node_modules/xmlhttprequest 755
verbose mkdir (expected) error ENOENT, stat '/home/johannes/Documents/lightsoff/node_modules/socket.io/node_modules/socket.io-client/node_modules/uglify-js'
verbose mkdir (expected) error ENOENT, stat '/home/johannes/Documents/lightsoff/node_modules/socket.io/node_modules/socket.io-client/node_modules/active-x-obfuscator'
verbose mkdir (expected) error ENOENT, stat '/home/johannes/Documents/lightsoff/node_modules/socket.io/node_modules/socket.io-client/node_modules/ws'
verbose unpack_ uid, gid [ undefined, undefined ]
verbose unpackTarget /home/johannes/Documents/lightsoff/node_modules/socket.io/node_modules/socket.io-client/node_modules/xmlhttprequest
silly gunzTarPerm modes [ '755', '644' ]
verbose mkdir done: /home/johannes/Documents/lightsoff/node_modules/socket.io/node_modules/socket.io-client/node_modules/uglify-js 755
verbose mkdir done: /home/johannes/Documents/lightsoff/node_modules/socket.io/node_modules/socket.io-client/node_modules/active-x-obfuscator 755
verbose mkdir done: /home/johannes/Documents/lightsoff/node_modules/socket.io/node_modules/socket.io-client/node_modules/ws 755
verbose unpack_ uid, gid [ undefined, undefined ]
verbose unpackTarget /home/johannes/Documents/lightsoff/node_modules/socket.io/node_modules/socket.io-client/node_modules/uglify-js
silly gunzTarPerm modes [ '755', '644' ]
verbose unpack_ uid, gid [ undefined, undefined ]
verbose unpackTarget /home/johannes/Documents/lightsoff/node_modules/socket.io/node_modules/socket.io-client/node_modules/active-x-obfuscator
silly gunzTarPerm modes [ '755', '644' ]
verbose unpack_ uid, gid [ undefined, undefined ]
verbose unpackTarget /home/johannes/Documents/lightsoff/node_modules/socket.io/node_modules/socket.io-client/node_modules/ws
silly gunzTarPerm modes [ '755', '644' ]
verbose gunzed /home/johannes/Documents/lightsoff/node_modules/socket.io/node_modules/socket.io-client/node_modules/active-x-obfuscator
verbose caching /home/johannes/Documents/lightsoff/node_modules/socket.io/node_modules/socket.io-client/node_modules/active-x-obfuscator/package.json
verbose loadDefaults active-x-obfuscator@0.0.1
info preinstall active-x-obfuscator@0.0.1
verbose from cache /home/johannes/Documents/lightsoff/node_modules/socket.io/node_modules/socket.io-client/node_modules/active-x-obfuscator/package.json
verbose readDependencies: using package.json deps
verbose from cache /home/johannes/Documents/lightsoff/node_modules/socket.io/node_modules/socket.io-client/node_modules/active-x-obfuscator/package.json
verbose readDependencies: using package.json deps
verbose cache add [ 'zeparser@0.0.5', null ]
silly cache add: name, spec, args [ undefined, 'zeparser@0.0.5', [ 'zeparser@0.0.5', null ] ]
verbose parsed url { pathname: 'zeparser@0.0.5',
verbose parsed url   path: 'zeparser@0.0.5',
verbose parsed url   href: 'zeparser@0.0.5' }
silly cache add: name, spec, args [ 'zeparser', '0.0.5', [ 'zeparser', '0.0.5' ] ]
verbose parsed url { pathname: '0.0.5', path: '0.0.5', href: '0.0.5' }
verbose addNamed [ 'zeparser', '0.0.5' ]
verbose addNamed [ '0.0.5', '0.0.5' ]
verbose raw, before any munging zeparser/0.0.5
verbose url resolving [ 'https://registry.npmjs.org/', './zeparser/0.0.5' ]
verbose url resolved https://registry.npmjs.org/zeparser/0.0.5
verbose etag "52W7K4RHQYFKCK0T9FBVGU9M9"
http GET https://registry.npmjs.org/zeparser/0.0.5
verbose gunzed /home/johannes/Documents/lightsoff/node_modules/socket.io/node_modules/socket.io-client/node_modules/xmlhttprequest
verbose caching /home/johannes/Documents/lightsoff/node_modules/socket.io/node_modules/socket.io-client/node_modules/xmlhttprequest/package.json
verbose loadDefaults xmlhttprequest@1.2.2
info preinstall xmlhttprequest@1.2.2
verbose from cache /home/johannes/Documents/lightsoff/node_modules/socket.io/node_modules/socket.io-client/node_modules/xmlhttprequest/package.json
verbose readDependencies: using package.json deps
verbose from cache /home/johannes/Documents/lightsoff/node_modules/socket.io/node_modules/socket.io-client/node_modules/xmlhttprequest/package.json
verbose readDependencies: using package.json deps
silly resolved []
verbose about to build /home/johannes/Documents/lightsoff/node_modules/socket.io/node_modules/socket.io-client/node_modules/xmlhttprequest
info build /home/johannes/Documents/lightsoff/node_modules/socket.io/node_modules/socket.io-client/node_modules/xmlhttprequest
verbose from cache /home/johannes/Documents/lightsoff/node_modules/socket.io/node_modules/socket.io-client/node_modules/xmlhttprequest/package.json
verbose linkStuff [ false,
verbose linkStuff   false,
verbose linkStuff   false,
verbose linkStuff   '/home/johannes/Documents/lightsoff/node_modules/socket.io/node_modules/socket.io-client/node_modules' ]
info linkStuff xmlhttprequest@1.2.2
verbose linkBins xmlhttprequest@1.2.2
verbose linkMans xmlhttprequest@1.2.2
verbose rebuildBundles xmlhttprequest@1.2.2
info install xmlhttprequest@1.2.2
info postinstall xmlhttprequest@1.2.2
verbose gunzed /home/johannes/Documents/lightsoff/node_modules/socket.io/node_modules/socket.io-client/node_modules/ws
verbose has bindings.gyp [ undefined,
verbose has bindings.gyp   { file: '/home/johannes/Documents/lightsoff/node_modules/socket.io/node_modules/socket.io-client/node_modules/ws/package.json',
verbose has bindings.gyp     gypfile: true,
verbose has bindings.gyp     contributors: false,
verbose has bindings.gyp     serverjs: false,
verbose has bindings.gyp     wscript: true } ]
verbose has wscript [ undefined,
verbose has wscript   { file: '/home/johannes/Documents/lightsoff/node_modules/socket.io/node_modules/socket.io-client/node_modules/ws/package.json',
verbose has wscript     gypfile: true,
verbose has wscript     contributors: false,
verbose has wscript     serverjs: false,
verbose has wscript     wscript: true } ]
verbose caching /home/johannes/Documents/lightsoff/node_modules/socket.io/node_modules/socket.io-client/node_modules/ws/package.json
verbose loadDefaults ws@0.4.12
info preinstall ws@0.4.12
verbose unsafe-perm in lifecycle true
silly exec sh "-c" "make"
silly spawning [ 'sh',
silly spawning   [ '-c', 'make' ],
silly spawning   '/home/johannes/Documents/lightsoff/node_modules/socket.io/node_modules/socket.io-client/node_modules/ws' ]
verbose gunzed /home/johannes/Documents/lightsoff/node_modules/socket.io/node_modules/socket.io-client/node_modules/uglify-js
verbose caching /home/johannes/Documents/lightsoff/node_modules/socket.io/node_modules/socket.io-client/node_modules/uglify-js/package.json
verbose loadDefaults uglify-js@1.2.5
info preinstall uglify-js@1.2.5
verbose from cache /home/johannes/Documents/lightsoff/node_modules/socket.io/node_modules/socket.io-client/node_modules/uglify-js/package.json
verbose readDependencies: using package.json deps
verbose from cache /home/johannes/Documents/lightsoff/node_modules/socket.io/node_modules/socket.io-client/node_modules/uglify-js/package.json
verbose readDependencies: using package.json deps
silly resolved []
verbose about to build /home/johannes/Documents/lightsoff/node_modules/socket.io/node_modules/socket.io-client/node_modules/uglify-js
info build /home/johannes/Documents/lightsoff/node_modules/socket.io/node_modules/socket.io-client/node_modules/uglify-js
verbose from cache /home/johannes/Documents/lightsoff/node_modules/socket.io/node_modules/socket.io-client/node_modules/uglify-js/package.json
verbose linkStuff [ false,
verbose linkStuff   false,
verbose linkStuff   false,
verbose linkStuff   '/home/johannes/Documents/lightsoff/node_modules/socket.io/node_modules/socket.io-client/node_modules' ]
info linkStuff uglify-js@1.2.5
verbose linkBins uglify-js@1.2.5
verbose bins linking [ { uglifyjs: './bin/uglifyjs' },
verbose bins linking   '/home/johannes/Documents/lightsoff/node_modules/socket.io/node_modules/socket.io-client/node_modules/.bin',
verbose bins linking   false ]
verbose linkMans uglify-js@1.2.5
verbose rebuildBundles uglify-js@1.2.5
verbose mkdir (expected) error ENOENT, stat '/home/johannes/Documents/lightsoff/node_modules/socket.io/node_modules/socket.io-client/node_modules/.bin'
verbose mkdir done: /home/johannes/Documents/lightsoff/node_modules/socket.io/node_modules/socket.io-client/node_modules/.bin 755
info install uglify-js@1.2.5
info postinstall uglify-js@1.2.5
info ws@0.4.12 Failed to exec preinstall script
info unbuild /home/johannes/Documents/lightsoff/node_modules/socket.io/node_modules/socket.io-client/node_modules/ws
verbose from cache /home/johannes/Documents/lightsoff/node_modules/socket.io/node_modules/socket.io-client/node_modules/ws/package.json
info preuninstall ws@0.4.12
info uninstall ws@0.4.12
verbose unbuild ws@0.4.12 [ false,
verbose unbuild ws@0.4.12   '/home/johannes/Documents/lightsoff/node_modules',
verbose unbuild ws@0.4.12   '/home/johannes/Documents/lightsoff/node_modules/socket.io/node_modules/socket.io-client/node_modules' ]
verbose binRoot [ '/home/johannes/Documents/lightsoff/node_modules/socket.io/node_modules/socket.io-client/node_modules/.bin',
verbose binRoot   { wscat: './bin/wscat' } ]
info postuninstall ws@0.4.12
verbose about to build /home/johannes/Documents/lightsoff/node_modules/socket.io/node_modules/socket.io-client
info unbuild /home/johannes/Documents/lightsoff/node_modules/socket.io/node_modules/socket.io-client
verbose from cache /home/johannes/Documents/lightsoff/node_modules/socket.io/node_modules/socket.io-client/package.json
info preuninstall socket.io-client@0.9.5
info uninstall socket.io-client@0.9.5
verbose unbuild socket.io-client@0.9.5 [ false,
verbose unbuild socket.io-client@0.9.5   '/home/johannes/Documents/lightsoff/node_modules',
verbose unbuild socket.io-client@0.9.5   '/home/johannes/Documents/lightsoff/node_modules/socket.io/node_modules' ]
info postuninstall socket.io-client@0.9.5
verbose about to build /home/johannes/Documents/lightsoff/node_modules/socket.io
info unbuild /home/johannes/Documents/lightsoff/node_modules/socket.io
verbose from cache /home/johannes/Documents/lightsoff/node_modules/socket.io/package.json
info preuninstall socket.io@0.9.5
info uninstall socket.io@0.9.5
verbose unbuild socket.io@0.9.5 [ true,
verbose unbuild socket.io@0.9.5   '/home/johannes/Documents/lightsoff/node_modules',
verbose unbuild socket.io@0.9.5   '/home/johannes/Documents/lightsoff/node_modules' ]
info postuninstall socket.io@0.9.5
ERR! ws@0.4.12 preinstall: `make`
ERR! `sh "-c" "make"` failed with 2
ERR! 
ERR! Failed at the ws@0.4.12 preinstall script.
ERR! This is most likely a problem with the ws package,
ERR! not with npm itself.
ERR! Tell the author that this fails on your system:
ERR!     make
ERR! You can get their info via:
ERR!     npm owner ls ws
ERR! There is likely additional logging output above.
ERR! 
ERR! System Linux 3.1.9-1.4-default
ERR! command "node" "/usr/bin/npm" "install" "socket.io"
ERR! cwd /home/johannes/Documents/lightsoff
ERR! node -v v0.6.14
ERR! npm -v 1.1.12
ERR! code ELIFECYCLE
ERR! message ws@0.4.12 preinstall: `make`
ERR! message `sh "-c" "make"` failed with 2
ERR! errno {}
verbose exit [ 1, true ]
